<?xml version="1.0" encoding="UTF-8"?>
<testsuites>
	<testsuite name="test.test_big_query.BigQueryTest-20240925172324" tests="4" file="test/test_big_query.py" time="18.454" timestamp="2024-09-25T17:23:42" failures="0" errors="0" skipped="0">
		<testcase classname="test.test_big_query.BigQueryTest" name="test_big_com_dump" time="4.027" timestamp="2024-09-25T17:23:28" file="test/test_big_query.py" line="34"/>
		<testcase classname="test.test_big_query.BigQueryTest" name="test_big_com_quit" time="4.011" timestamp="2024-09-25T17:23:32" file="test/test_big_query.py" line="27"/>
		<testcase classname="test.test_big_query.BigQueryTest" name="test_big_simple" time="4.081" timestamp="2024-09-25T17:23:36" file="test/test_big_query.py" line="13"/>
		<testcase classname="test.test_big_query.BigQueryTest" name="test_multi_big_query" time="6.336" timestamp="2024-09-25T17:23:42" file="test/test_big_query.py" line="20"/>
	</testsuite>
	<testsuite name="test.test_conn_pool.ConnPoolTest-20240925172324" tests="5" file="test/test_conn_pool.py" time="11.583" timestamp="2024-09-25T17:23:54" failures="0" errors="1" skipped="0">
		<testcase classname="test.test_conn_pool.ConnPoolTest" name="test_not_reuse_simple" time="0.422" timestamp="2024-09-25T17:23:42" file="test/test_conn_pool.py" line="60">
			<!--
        Session 1: 连接
        Session 2: 连接
        通过MySQL服务的show detail processlist Host信息来验证两个
        -->
		</testcase>
		<testcase classname="test.test_conn_pool.ConnPoolTest" name="test_not_reuse_sleep" time="10.253" timestamp="2024-09-25T17:23:53" file="test/test_conn_pool.py" line="75">
			<!--
        Session 1: 连接->select sleep(100);
        Session 2: 连接
        通过MySQL服务的show detail processlist Host信息来验证两个
        -->
		</testcase>
		<testcase classname="test.test_conn_pool.ConnPoolTest" name="test_reuse_modify_variables" time="0.307" timestamp="2024-09-25T17:23:53" file="test/test_conn_pool.py" line="34">
			<!--
        Session 1: 连接->set session autocommit=0->断开->连接
        验证是否复用且变量是否已经重置
        -->
		</testcase>
		<testcase classname="test.test_conn_pool.ConnPoolTest" name="test_reuse_simple" time="0.290" timestamp="2024-09-25T17:23:53" file="test/test_conn_pool.py" line="21">
			<!--
        Session1: 连接->断开->连接
        通过MySQL服务的show detail processlist Host信息来验证同一个
        -->
		</testcase>
		<testcase classname="test.test_conn_pool.ConnPoolTest" name="test_reuse_update_rollback" time="0.312" timestamp="2024-09-25T17:23:54" file="test/test_conn_pool.py" line="46">
			<!--
        Session 1: 连接->begin; update xxx->断开->连接
        验证是否复用且数据是否回滚
        -->
			<error type="IndexError" message="list index out of range"><![CDATA[Traceback (most recent call last):
  File "/data/workspace/test/test_conn_pool.py", line 57, in test_reuse_update_rollback
    logger.debug("values is {0}".format(rows[0][0]))
IndexError: list index out of range
]]></error>
		</testcase>
	</testsuite>
	<testsuite name="test.test_conn_pool_change_user.ConnPoolChangeUserTest-20240925172324" tests="2" file="test/test_conn_pool_change_user.py" time="1.329" timestamp="2024-09-25T17:23:55" failures="0" errors="0" skipped="0">
		<testcase classname="test.test_conn_pool_change_user.ConnPoolChangeUserTest" name="test_disable_conn_pool_change_user" time="0.673" timestamp="2024-09-25T17:23:54" file="test/test_conn_pool_change_user.py" line="32"/>
		<testcase classname="test.test_conn_pool_change_user.ConnPoolChangeUserTest" name="test_enable_conn_pool_change_user" time="0.656" timestamp="2024-09-25T17:23:55" file="test/test_conn_pool_change_user.py" line="38"/>
	</testsuite>
	<testsuite name="test.test_default.MaxscaleDefaultTest-20240925172324" tests="1" file="test/test_default.py" time="0.062" timestamp="2024-09-25T17:23:55" failures="0" errors="0" skipped="0">
		<testcase classname="test.test_default.MaxscaleDefaultTest" name="test_default_maxscale" time="0.062" timestamp="2024-09-25T17:23:55" file="test/test_default.py" line="34"/>
	</testsuite>
	<testsuite name="test.test_default.ServiceDefaultTest-20240925172324" tests="1" file="test/test_default.py" time="2.552" timestamp="2024-09-25T17:23:58" failures="0" errors="0" skipped="0">
		<testcase classname="test.test_default.ServiceDefaultTest" name="test_default_value" time="2.552" timestamp="2024-09-25T17:23:58" file="test/test_default.py" line="20"/>
	</testsuite>
	<testsuite name="test.test_kill_session.KillSessionTest-20240925172324" tests="1" file="test/test_kill_session.py" time="0.360" timestamp="2024-09-25T17:23:58" failures="0" errors="0" skipped="0">
		<testcase classname="test.test_kill_session.KillSessionTest" name="test_kill_service_session" time="0.360" timestamp="2024-09-25T17:23:58" file="test/test_kill_session.py" line="27"/>
	</testsuite>
	<testsuite name="test.test_causal_reads.GlobalPrepareTest-20240925172324" tests="3" file="test/test_causal_reads.py" time="0.003" timestamp="2024-09-25T17:23:42" failures="0" errors="0" skipped="3">
		<testcase classname="test.test_causal_reads.GlobalPrepareTest" name="test_multi" time="0.002" timestamp="2024-09-25T17:23:42" file="test/test_causal_reads.py" line="159">
			<!--多条更新-->
			<skipped type="skip" message="causal reads only works for cynosdb"/>
		</testcase>
		<testcase classname="test.test_causal_reads.GlobalPrepareTest" name="test_single" time="0.001" timestamp="2024-09-25T17:23:42" file="test/test_causal_reads.py" line="126">
			<!--单条更新-->
			<skipped type="skip" message="causal reads only works for cynosdb"/>
		</testcase>
		<testcase classname="test.test_causal_reads.GlobalPrepareTest" name="test_single_different_table" time="0.001" timestamp="2024-09-25T17:23:42" file="test/test_causal_reads.py" line="139">
			<!--双表单条更新-->
			<skipped type="skip" message="causal reads only works for cynosdb"/>
		</testcase>
	</testsuite>
	<testsuite name="test.test_causal_reads.GlobalTest-20240925172324" tests="3" file="test/test_causal_reads.py" time="0.003" timestamp="2024-09-25T17:23:42" failures="0" errors="0" skipped="3">
		<testcase classname="test.test_causal_reads.GlobalTest" name="test_multi" time="0.001" timestamp="2024-09-25T17:23:42" file="test/test_causal_reads.py" line="159">
			<!--多条更新-->
			<skipped type="skip" message="causal reads only works for cynosdb"/>
		</testcase>
		<testcase classname="test.test_causal_reads.GlobalTest" name="test_single" time="0.001" timestamp="2024-09-25T17:23:42" file="test/test_causal_reads.py" line="126">
			<!--单条更新-->
			<skipped type="skip" message="causal reads only works for cynosdb"/>
		</testcase>
		<testcase classname="test.test_causal_reads.GlobalTest" name="test_single_different_table" time="0.001" timestamp="2024-09-25T17:23:42" file="test/test_causal_reads.py" line="139">
			<!--双表单条更新-->
			<skipped type="skip" message="causal reads only works for cynosdb"/>
		</testcase>
	</testsuite>
	<testsuite name="test.test_causal_reads.SessionPrepareTest-20240925172324" tests="3" file="test/test_causal_reads.py" time="0.002" timestamp="2024-09-25T17:23:42" failures="0" errors="0" skipped="3">
		<testcase classname="test.test_causal_reads.SessionPrepareTest" name="test_multi" time="0.001" timestamp="2024-09-25T17:23:42" file="test/test_causal_reads.py" line="159">
			<!--多条更新-->
			<skipped type="skip" message="causal reads only works for cynosdb"/>
		</testcase>
		<testcase classname="test.test_causal_reads.SessionPrepareTest" name="test_single" time="0.001" timestamp="2024-09-25T17:23:42" file="test/test_causal_reads.py" line="126">
			<!--单条更新-->
			<skipped type="skip" message="causal reads only works for cynosdb"/>
		</testcase>
		<testcase classname="test.test_causal_reads.SessionPrepareTest" name="test_single_different_table" time="0.001" timestamp="2024-09-25T17:23:42" file="test/test_causal_reads.py" line="139">
			<!--双表单条更新-->
			<skipped type="skip" message="causal reads only works for cynosdb"/>
		</testcase>
	</testsuite>
	<testsuite name="test.test_causal_reads.SessionTest-20240925172324" tests="3" file="test/test_causal_reads.py" time="0.002" timestamp="2024-09-25T17:23:42" failures="0" errors="0" skipped="3">
		<testcase classname="test.test_causal_reads.SessionTest" name="test_multi" time="0.001" timestamp="2024-09-25T17:23:42" file="test/test_causal_reads.py" line="159">
			<!--多条更新-->
			<skipped type="skip" message="causal reads only works for cynosdb"/>
		</testcase>
		<testcase classname="test.test_causal_reads.SessionTest" name="test_single" time="0.001" timestamp="2024-09-25T17:23:42" file="test/test_causal_reads.py" line="126">
			<!--单条更新-->
			<skipped type="skip" message="causal reads only works for cynosdb"/>
		</testcase>
		<testcase classname="test.test_causal_reads.SessionTest" name="test_single_different_table" time="0.001" timestamp="2024-09-25T17:23:42" file="test/test_causal_reads.py" line="139">
			<!--双表单条更新-->
			<skipped type="skip" message="causal reads only works for cynosdb"/>
		</testcase>
	</testsuite>
	<testsuite name="test.test_causal_reads.TimeoutTest-20240925172324" tests="1" file="test/test_causal_reads.py" time="0.001" timestamp="2024-09-25T17:23:42" failures="0" errors="0" skipped="1">
		<testcase classname="test.test_causal_reads.TimeoutTest" name="test_timeout" time="0.001" timestamp="2024-09-25T17:23:42" file="test/test_causal_reads.py" line="194">
			<skipped type="skip" message="causal reads only works for cynosdb"/>
		</testcase>
	</testsuite>
	<testsuite name="test.test_client_drivers.ClientDriversTest-20240925172324" tests="3" file="test/test_client_drivers.py" time="0.009" timestamp="2024-09-25T17:23:42" failures="0" errors="0" skipped="3">
		<testcase classname="test.test_client_drivers.ClientDriversTest" name="test_go" time="0.003" timestamp="2024-09-25T17:23:42" file="test/test_client_drivers.py" line="111">
			<skipped type="skip" message="TODO"/>
		</testcase>
		<testcase classname="test.test_client_drivers.ClientDriversTest" name="test_java" time="0.003" timestamp="2024-09-25T17:23:42" file="test/test_client_drivers.py" line="17">
			<skipped type="skip" message="TODO"/>
		</testcase>
		<testcase classname="test.test_client_drivers.ClientDriversTest" name="test_php" time="0.003" timestamp="2024-09-25T17:23:42" file="test/test_client_drivers.py" line="64">
			<skipped type="skip" message="TODO"/>
		</testcase>
	</testsuite>
</testsuites>